<?xml version="1.0" encoding="UTF-8"?>
<testsuite xmlns:xsi="http://www.w3.org/2001/XMLSchema-instance" xsi:noNamespaceSchemaLocation="https://maven.apache.org/surefire/maven-surefire-plugin/xsd/surefire-test-report-3.0.xsd" version="3.0" name="io.jhtap.storage.FinalHTAPVerificationTest" time="1.035" tests="2" errors="0" skipped="0" failures="0">
  <properties>
[...]
</properties>
  <testcase name="testBackgroundCompactionAndGC(Path)" classname="io.jhtap.storage.FinalHTAPVerificationTest" time="1.02">
    <system-out><![CDATA[16:09:16.364 [main] INFO io.jhtap.storage.Store -- Flushing MemTable to /tmp/junit10695000989581020338/table-1777027156364.sst and /tmp/junit10695000989581020338/table-1777027156364.col
16:09:16.367 [main] INFO io.jhtap.storage.Store -- Flushing MemTable to /tmp/junit10695000989581020338/table-1777027156367.sst and /tmp/junit10695000989581020338/table-1777027156367.col
16:09:16.370 [main] INFO io.jhtap.storage.Store -- Flushing MemTable to /tmp/junit10695000989581020338/table-1777027156370.sst and /tmp/junit10695000989581020338/table-1777027156370.col
16:09:16.373 [main] INFO io.jhtap.storage.Store -- Flushing MemTable to /tmp/junit10695000989581020338/table-1777027156373.sst and /tmp/junit10695000989581020338/table-1777027156373.col
16:09:17.363 [Compaction-Daemon] INFO io.jhtap.storage.Store -- Triggering Background Compaction (Groups: 4)
16:09:17.364 [Compaction-Daemon] INFO io.jhtap.storage.Compactor -- Starting Streaming Compaction with GC (minRetain: 1777027151365) into /tmp/junit10695000989581020338/compacted-1777027157364.sst
16:09:17.367 [Compaction-Daemon] INFO io.jhtap.storage.Store -- Compaction Complete. New Group: compacted-1777027157364.sst
16:09:17.375 [main] INFO io.jhtap.storage.Compactor -- Starting Streaming Compaction with GC (minRetain: 1777027156465) into /tmp/junit10695000989581020338/manual-compact.sst
]]></system-out>
  </testcase>
  <testcase name="testASTQueryParser(Path)" classname="io.jhtap.storage.FinalHTAPVerificationTest" time="0.011">
    <system-out><![CDATA[16:09:17.384 [main] INFO io.jhtap.storage.Store -- Flushing MemTable to /tmp/junit15618286889098479520/table-1777027157384.sst and /tmp/junit15618286889098479520/table-1777027157384.col
]]></system-out>
  </testcase>
</testsuite>