<?xml version="1.0" encoding="UTF-8"?>
<testsuite xmlns:xsi="http://www.w3.org/2001/XMLSchema-instance" xsi:noNamespaceSchemaLocation="https://maven.apache.org/surefire/maven-surefire-plugin/xsd/surefire-test-report-3.0.xsd" version="3.0" name="io.jhtap.storage.FinalHTAPVerificationTest" time="1.038" tests="2" errors="0" skipped="0" failures="0">
  <properties>
[...]
</properties>
  <testcase name="testBackgroundCompactionAndGC(Path)" classname="io.jhtap.storage.FinalHTAPVerificationTest" time="1.02">
    <system-out><![CDATA[11:35:37.882 [main] INFO io.jhtap.storage.Store -- Flushing MemTable to /tmp/junit5006108990670183182/table-1777010737882.sst and /tmp/junit5006108990670183182/table-1777010737882.col
11:35:37.885 [main] INFO io.jhtap.storage.Store -- Flushing MemTable to /tmp/junit5006108990670183182/table-1777010737885.sst and /tmp/junit5006108990670183182/table-1777010737885.col
11:35:37.887 [main] INFO io.jhtap.storage.Store -- Flushing MemTable to /tmp/junit5006108990670183182/table-1777010737887.sst and /tmp/junit5006108990670183182/table-1777010737887.col
11:35:37.889 [main] INFO io.jhtap.storage.Store -- Flushing MemTable to /tmp/junit5006108990670183182/table-1777010737889.sst and /tmp/junit5006108990670183182/table-1777010737889.col
11:35:38.882 [Compaction-Daemon] INFO io.jhtap.storage.Store -- Triggering Background Compaction (Groups: 4)
11:35:38.883 [Compaction-Daemon] INFO io.jhtap.storage.Compactor -- Starting Streaming Compaction with GC (minRetain: 1777010732885) into /tmp/junit5006108990670183182/compacted-1777010738883.sst
11:35:38.886 [Compaction-Daemon] INFO io.jhtap.storage.Store -- Compaction Complete. New Group: compacted-1777010738883.sst
11:35:38.893 [main] INFO io.jhtap.storage.Compactor -- Starting Streaming Compaction with GC (minRetain: 1777010737985) into /tmp/junit5006108990670183182/manual-compact.sst
]]></system-out>
  </testcase>
  <testcase name="testASTQueryParser(Path)" classname="io.jhtap.storage.FinalHTAPVerificationTest" time="0.013">
    <system-out><![CDATA[11:35:38.904 [main] INFO io.jhtap.storage.Store -- Flushing MemTable to /tmp/junit386043328425143728/table-1777010738904.sst and /tmp/junit386043328425143728/table-1777010738904.col
]]></system-out>
  </testcase>
</testsuite>